"blank"					"==========================="
"blank"					"#Valve_Movement_Title"
"blank"					"==========================="
"+forward"				"#Valve_Move_Forward"
"+back"					"#Valve_Move_Back"
"+left"					"#Valve_Turn_Left"
"+right"				"#Valve_Turn_Right"
"+moveleft"				"#Valve_Move_Left"
"+moveright"			"#Valve_Move_Right"
"+jump"					"#Valve_Jump"
"+duck"					"#Valve_Duck"
"+speed"				"#Valve_Walk"
"+use"					"#Valve_Use_Items"
"+moveup"				"#Valve_Swim_Up"
"+movedown"				"#Valve_Swim_Down"
"+lookup"				"#Valve_Look_Up"
"+lookdown"				"#Valve_Look_Down"
"centerview"			"#Valve_Look_Straight_Ahead"
"+strafe"				"#Valve_Strafe_Modifier"
"+mlook"				"#Valve_Mouse_Look_Modifier"
"+klook"				"#Valve_Keyboard_Look_Modifier"
"blank"					"==========================="
"blank"					"#Valve_Communication_Title"
"blank"					"==========================="
"+voicerecord"			"#Valve_Use_Voice_Communication"
"messagemode"			"#Valve_Chat_Message"
"messagemode2"			"#Valve_Team_Message"
"blank"					"==========================="
"blank"					"#Valve_Combat_Title"
"blank"					"==========================="
"+attack"				"#Valve_Primary_Attack"
"+attack2"				"#Valve_Secondary_Attack"
"+alt1"					"Tertiary Attack (throw crowbar)"
"+reload"				"#Valve_Reload_Weapon"
"impulse 100"			"#Valve_Flashlight"
"impulse 201"			"#Valve_Spray_Logo"
"slot1"					"#Valve_Weapon_Category_1"
"slot2"					"#Valve_Weapon_Category_2"
"slot3" 				"#Valve_Weapon_Category_3"
"slot4"					"#Valve_Weapon_Category_4"
"slot5"					"#Valve_Weapon_Category_5"
"slot6"					"#Valve_Weapon_Category_6"
"slot7"					"#Valve_Weapon_Category_7"
"slot8"					"#Valve_Weapon_Category_8"
"slot9"					"#Valve_Weapon_Category_9"
"slot10"				"#Valve_Weapon_Category_0"
"invprev"				"#Valve_Previous_Weapon"
"invnext"				"#Valve_Next_Weapon"
"lastinv"				"#Valve_Last_Weapon_Used"
"blank"					"==========================="
"blank"					"COMMANDS"
"blank"					"==========================="
"+commandmenu"			"Command menu"
"votemenu"				"Voting menu"
"inventory"				"Inventory menu"
"medic"					"Call for help or medic NPC"
"grenade;npc_findcover"	"Yell to warn other players"
"drop"					"Drop current weapon"
"dropammo"				"Drop primary ammo"
"dropsecammo"			"Drop secondary ammo"
"stuck"					"Attempt to un-stuck yourself"
"kill"					"Commit suicide"
"sc_chasecam"			"Toggle third person view mode"
"missionbriefing"		"Map briefing"
"servermotd"			"Server information"
"blank"					"==========================="
"blank"					"MEDIA PLAYER"
"blank"					"==========================="
"mediaplayer"			"Media player"
"playmedia"				"Play song"
"nextsong"				"Next track"
"lastsong"				"Previous track"
"stopsong"				"Stop song / turn off media player"
"blank"					"==========================="
"blank"					"NPC INTERACTION"
"blank"					"==========================="
"npc_return"			"Return to me"
"npc_attackmytarget"	"Attack my target"
"npc_findcover"			"Stop and find cover"
"npc_moveto"			"Move to position"
"blank"					"==========================="
"blank"					"#Valve_Miscellaneous_Title"
"blank"					"==========================="
"+showscores"			"#Valve_Display_Scores"
"snapshot"				"#Valve_Take_Screen_Shot"
"quit"					"#Valve_Quit_Game"
